  main.cpp
C:\Program Files (x86)\Windows Kits\10\Include\10.0.19041.0\shared\rpcndr.h(192,14): error C2872: 'byte': ambiguous symbol
C:\Program Files (x86)\Windows Kits\10\Include\10.0.19041.0\shared\rpcndr.h(191,23): message : could be 'unsigned char byte'
C:\Program Files\Microsoft Visual Studio\2022\Community\VC\Tools\MSVC\14.31.31103\include\cstddef(28,12): message : or       'std::byte'
C:\Program Files (x86)\Windows Kits\10\Include\10.0.19041.0\shared\rpcndr.h(962,25): error C2872: 'byte': ambiguous symbol
C:\Program Files (x86)\Windows Kits\10\Include\10.0.19041.0\shared\rpcndr.h(191,23): message : could be 'unsigned char byte'
C:\Program Files\Microsoft Visual Studio\2022\Community\VC\Tools\MSVC\14.31.31103\include\cstddef(28,12): message : or       'std::byte'
C:\Program Files (x86)\Windows Kits\10\Include\10.0.19041.0\shared\rpcndr.h(970,25): error C2872: 'byte': ambiguous symbol
C:\Program Files (x86)\Windows Kits\10\Include\10.0.19041.0\shared\rpcndr.h(191,23): message : could be 'unsigned char byte'
C:\Program Files\Microsoft Visual Studio\2022\Community\VC\Tools\MSVC\14.31.31103\include\cstddef(28,12): message : or       'std::byte'
C:\Program Files (x86)\Windows Kits\10\Include\10.0.19041.0\shared\wtypesbase.h(437,26): error C2872: 'byte': ambiguous symbol
C:\Program Files (x86)\Windows Kits\10\Include\10.0.19041.0\shared\rpcndr.h(191,23): message : could be 'unsigned char byte'
C:\Program Files\Microsoft Visual Studio\2022\Community\VC\Tools\MSVC\14.31.31103\include\cstddef(28,12): message : or       'std::byte'
C:\Program Files (x86)\Windows Kits\10\Include\10.0.19041.0\shared\wtypesbase.h(462,26): error C2872: 'byte': ambiguous symbol
C:\Program Files (x86)\Windows Kits\10\Include\10.0.19041.0\shared\rpcndr.h(191,23): message : could be 'unsigned char byte'
C:\Program Files\Microsoft Visual Studio\2022\Community\VC\Tools\MSVC\14.31.31103\include\cstddef(28,12): message : or       'std::byte'
C:\Program Files (x86)\Windows Kits\10\Include\10.0.19041.0\shared\wtypesbase.h(479,26): error C2872: 'byte': ambiguous symbol
C:\Program Files (x86)\Windows Kits\10\Include\10.0.19041.0\shared\rpcndr.h(191,23): message : could be 'unsigned char byte'
C:\Program Files\Microsoft Visual Studio\2022\Community\VC\Tools\MSVC\14.31.31103\include\cstddef(28,12): message : or       'std::byte'
C:\Program Files (x86)\Windows Kits\10\Include\10.0.19041.0\shared\wtypes.h(77,26): error C2872: 'byte': ambiguous symbol
C:\Program Files (x86)\Windows Kits\10\Include\10.0.19041.0\shared\rpcndr.h(191,23): message : could be 'unsigned char byte'
C:\Program Files\Microsoft Visual Studio\2022\Community\VC\Tools\MSVC\14.31.31103\include\cstddef(28,12): message : or       'std::byte'
C:\Program Files (x86)\Windows Kits\10\Include\10.0.19041.0\shared\wtypes.h(86,26): error C2872: 'byte': ambiguous symbol
C:\Program Files (x86)\Windows Kits\10\Include\10.0.19041.0\shared\rpcndr.h(191,23): message : could be 'unsigned char byte'
C:\Program Files\Microsoft Visual Studio\2022\Community\VC\Tools\MSVC\14.31.31103\include\cstddef(28,12): message : or       'std::byte'
C:\Program Files (x86)\Windows Kits\10\Include\10.0.19041.0\shared\wtypes.h(92,26): error C2872: 'byte': ambiguous symbol
C:\Program Files (x86)\Windows Kits\10\Include\10.0.19041.0\shared\rpcndr.h(191,23): message : could be 'unsigned char byte'
C:\Program Files\Microsoft Visual Studio\2022\Community\VC\Tools\MSVC\14.31.31103\include\cstddef(28,12): message : or       'std::byte'
C:\Program Files (x86)\Windows Kits\10\Include\10.0.19041.0\shared\wtypes.h(98,26): error C2872: 'byte': ambiguous symbol
C:\Program Files (x86)\Windows Kits\10\Include\10.0.19041.0\shared\rpcndr.h(191,23): message : could be 'unsigned char byte'
C:\Program Files\Microsoft Visual Studio\2022\Community\VC\Tools\MSVC\14.31.31103\include\cstddef(28,12): message : or       'std::byte'
C:\Program Files (x86)\Windows Kits\10\Include\10.0.19041.0\shared\wtypes.h(104,26): error C2872: 'byte': ambiguous symbol
C:\Program Files (x86)\Windows Kits\10\Include\10.0.19041.0\shared\rpcndr.h(191,23): message : could be 'unsigned char byte'
C:\Program Files\Microsoft Visual Studio\2022\Community\VC\Tools\MSVC\14.31.31103\include\cstddef(28,12): message : or       'std::byte'
C:\Program Files (x86)\Windows Kits\10\Include\10.0.19041.0\shared\wtypes.h(110,26): error C2872: 'byte': ambiguous symbol
C:\Program Files (x86)\Windows Kits\10\Include\10.0.19041.0\shared\rpcndr.h(191,23): message : could be 'unsigned char byte'
C:\Program Files\Microsoft Visual Studio\2022\Community\VC\Tools\MSVC\14.31.31103\include\cstddef(28,12): message : or       'std::byte'
C:\Program Files (x86)\Windows Kits\10\Include\10.0.19041.0\shared\wtypes.h(485,26): error C2872: 'byte': ambiguous symbol
C:\Program Files (x86)\Windows Kits\10\Include\10.0.19041.0\shared\rpcndr.h(191,23): message : could be 'unsigned char byte'
C:\Program Files\Microsoft Visual Studio\2022\Community\VC\Tools\MSVC\14.31.31103\include\cstddef(28,12): message : or       'std::byte'
C:\Program Files (x86)\Windows Kits\10\Include\10.0.19041.0\um\objidlbase.h(2175,79): error C2872: 'byte': ambiguous symbol
C:\Program Files (x86)\Windows Kits\10\Include\10.0.19041.0\shared\rpcndr.h(191,23): message : could be 'unsigned char byte'
C:\Program Files\Microsoft Visual Studio\2022\Community\VC\Tools\MSVC\14.31.31103\include\cstddef(28,12): message : or       'std::byte'
C:\Program Files (x86)\Windows Kits\10\Include\10.0.19041.0\um\objidlbase.h(2189,62): error C2872: 'byte': ambiguous symbol
C:\Program Files (x86)\Windows Kits\10\Include\10.0.19041.0\shared\rpcndr.h(191,23): message : could be 'unsigned char byte'
C:\Program Files\Microsoft Visual Studio\2022\Community\VC\Tools\MSVC\14.31.31103\include\cstddef(28,12): message : or       'std::byte'
C:\Program Files (x86)\Windows Kits\10\Include\10.0.19041.0\um\objidlbase.h(7882,79): error C2872: 'byte': ambiguous symbol
C:\Program Files (x86)\Windows Kits\10\Include\10.0.19041.0\shared\rpcndr.h(191,23): message : could be 'unsigned char byte'
C:\Program Files\Microsoft Visual Studio\2022\Community\VC\Tools\MSVC\14.31.31103\include\cstddef(28,12): message : or       'std::byte'
C:\Program Files (x86)\Windows Kits\10\Include\10.0.19041.0\um\objidlbase.h(7898,62): error C2872: 'byte': ambiguous symbol
C:\Program Files (x86)\Windows Kits\10\Include\10.0.19041.0\shared\rpcndr.h(191,23): message : could be 'unsigned char byte'
C:\Program Files\Microsoft Visual Studio\2022\Community\VC\Tools\MSVC\14.31.31103\include\cstddef(28,12): message : or       'std::byte'
C:\Program Files (x86)\Windows Kits\10\Include\10.0.19041.0\um\objidl.h(9746,69): error C2872: 'byte': ambiguous symbol
C:\Program Files (x86)\Windows Kits\10\Include\10.0.19041.0\shared\rpcndr.h(191,23): message : could be 'unsigned char byte'
C:\Program Files\Microsoft Visual Studio\2022\Community\VC\Tools\MSVC\14.31.31103\include\cstddef(28,12): message : or       'std::byte'
C:\Program Files (x86)\Windows Kits\10\Include\10.0.19041.0\um\objidl.h(10275,77): error C2872: 'byte': ambiguous symbol
C:\Program Files (x86)\Windows Kits\10\Include\10.0.19041.0\shared\rpcndr.h(191,23): message : could be 'unsigned char byte'
C:\Program Files\Microsoft Visual Studio\2022\Community\VC\Tools\MSVC\14.31.31103\include\cstddef(28,12): message : or       'std::byte'
C:\Program Files (x86)\Windows Kits\10\Include\10.0.19041.0\um\objidl.h(10307,77): error C2872: 'byte': ambiguous symbol
C:\Program Files (x86)\Windows Kits\10\Include\10.0.19041.0\shared\rpcndr.h(191,23): message : could be 'unsigned char byte'
C:\Program Files\Microsoft Visual Studio\2022\Community\VC\Tools\MSVC\14.31.31103\include\cstddef(28,12): message : or       'std::byte'
C:\Program Files (x86)\Windows Kits\10\Include\10.0.19041.0\um\objidl.h(10786,79): error C2872: 'byte': ambiguous symbol
C:\Program Files (x86)\Windows Kits\10\Include\10.0.19041.0\shared\rpcndr.h(191,23): message : could be 'unsigned char byte'
C:\Program Files\Microsoft Visual Studio\2022\Community\VC\Tools\MSVC\14.31.31103\include\cstddef(28,12): message : or       'std::byte'
C:\Program Files (x86)\Windows Kits\10\Include\10.0.19041.0\um\objidl.h(10801,62): error C2872: 'byte': ambiguous symbol
C:\Program Files (x86)\Windows Kits\10\Include\10.0.19041.0\shared\rpcndr.h(191,23): message : could be 'unsigned char byte'
C:\Program Files\Microsoft Visual Studio\2022\Community\VC\Tools\MSVC\14.31.31103\include\cstddef(28,12): message : or       'std::byte'
C:\Program Files (x86)\Windows Kits\10\Include\10.0.19041.0\um\objidl.h(11244,26): error C2872: 'byte': ambiguous symbol
C:\Program Files (x86)\Windows Kits\10\Include\10.0.19041.0\shared\rpcndr.h(191,23): message : could be 'unsigned char byte'
C:\Program Files\Microsoft Visual Studio\2022\Community\VC\Tools\MSVC\14.31.31103\include\cstddef(28,12): message : or       'std::byte'
C:\Program Files (x86)\Windows Kits\10\Include\10.0.19041.0\um\objidl.h(12977,62): error C2872: 'byte': ambiguous symbol
C:\Program Files (x86)\Windows Kits\10\Include\10.0.19041.0\shared\rpcndr.h(191,23): message : could be 'unsigned char byte'
C:\Program Files\Microsoft Visual Studio\2022\Community\VC\Tools\MSVC\14.31.31103\include\cstddef(28,12): message : or       'std::byte'
C:\Program Files (x86)\Windows Kits\10\Include\10.0.19041.0\um\objidl.h(12992,62): error C2872: 'byte': ambiguous symbol
C:\Program Files (x86)\Windows Kits\10\Include\10.0.19041.0\shared\rpcndr.h(191,23): message : could be 'unsigned char byte'
C:\Program Files\Microsoft Visual Studio\2022\Community\VC\Tools\MSVC\14.31.31103\include\cstddef(28,12): message : or       'std::byte'
C:\Program Files (x86)\Windows Kits\10\Include\10.0.19041.0\um\objidl.h(14658,79): error C2872: 'byte': ambiguous symbol
C:\Program Files (x86)\Windows Kits\10\Include\10.0.19041.0\shared\rpcndr.h(191,23): message : could be 'unsigned char byte'
C:\Program Files\Microsoft Visual Studio\2022\Community\VC\Tools\MSVC\14.31.31103\include\cstddef(28,12): message : or       'std::byte'
C:\Program Files (x86)\Windows Kits\10\Include\10.0.19041.0\um\objidl.h(14674,62): error C2872: 'byte': ambiguous symbol
C:\Program Files (x86)\Windows Kits\10\Include\10.0.19041.0\shared\rpcndr.h(191,23): message : could be 'unsigned char byte'
C:\Program Files\Microsoft Visual Studio\2022\Community\VC\Tools\MSVC\14.31.31103\include\cstddef(28,12): message : or       'std::byte'
C:\Program Files (x86)\Windows Kits\10\Include\10.0.19041.0\um\objidl.h(14821,77): error C2872: 'byte': ambiguous symbol
C:\Program Files (x86)\Windows Kits\10\Include\10.0.19041.0\shared\rpcndr.h(191,23): message : could be 'unsigned char byte'
C:\Program Files\Microsoft Visual Studio\2022\Community\VC\Tools\MSVC\14.31.31103\include\cstddef(28,12): message : or       'std::byte'
C:\Program Files (x86)\Windows Kits\10\Include\10.0.19041.0\um\objidl.h(14860,77): error C2872: 'byte': ambiguous symbol
C:\Program Files (x86)\Windows Kits\10\Include\10.0.19041.0\shared\rpcndr.h(191,23): message : could be 'unsigned char byte'
C:\Program Files\Microsoft Visual Studio\2022\Community\VC\Tools\MSVC\14.31.31103\include\cstddef(28,12): message : or       'std::byte'
C:\Program Files (x86)\Windows Kits\10\Include\10.0.19041.0\um\objidl.h(14877,79): error C2872: 'byte': ambiguous symbol
C:\Program Files (x86)\Windows Kits\10\Include\10.0.19041.0\shared\rpcndr.h(191,23): message : could be 'unsigned char byte'
C:\Program Files\Microsoft Visual Studio\2022\Community\VC\Tools\MSVC\14.31.31103\include\cstddef(28,12): message : or       'std::byte'
C:\Program Files (x86)\Windows Kits\10\Include\10.0.19041.0\um\objidl.h(14894,62): error C2872: 'byte': ambiguous symbol
C:\Program Files (x86)\Windows Kits\10\Include\10.0.19041.0\shared\rpcndr.h(191,23): message : could be 'unsigned char byte'
C:\Program Files\Microsoft Visual Studio\2022\Community\VC\Tools\MSVC\14.31.31103\include\cstddef(28,12): message : or       'std::byte'
C:\Program Files (x86)\Windows Kits\10\Include\10.0.19041.0\um\objidl.h(15139,62): error C2872: 'byte': ambiguous symbol
C:\Program Files (x86)\Windows Kits\10\Include\10.0.19041.0\shared\rpcndr.h(191,23): message : could be 'unsigned char byte'
C:\Program Files\Microsoft Visual Studio\2022\Community\VC\Tools\MSVC\14.31.31103\include\cstddef(28,12): message : or       'std::byte'
C:\Program Files (x86)\Windows Kits\10\Include\10.0.19041.0\um\objidl.h(15158,62): error C2872: 'byte': ambiguous symbol
C:\Program Files (x86)\Windows Kits\10\Include\10.0.19041.0\shared\rpcndr.h(191,23): message : could be 'unsigned char byte'
C:\Program Files\Microsoft Visual Studio\2022\Community\VC\Tools\MSVC\14.31.31103\include\cstddef(28,12): message : or       'std::byte'
C:\Program Files (x86)\Windows Kits\10\Include\10.0.19041.0\um\oaidl.h(563,26): error C2872: 'byte': ambiguous symbol
C:\Program Files (x86)\Windows Kits\10\Include\10.0.19041.0\shared\rpcndr.h(191,23): message : could be 'unsigned char byte'
C:\Program Files\Microsoft Visual Studio\2022\Community\VC\Tools\MSVC\14.31.31103\include\cstddef(28,12): message : or       'std::byte'
D:\Projects\ConsoleWalkingInFirstPerson\ConsoleWalkingInFirstPerson\src\main.cpp(156,26): warning C4305: 'initializing': truncation from 'double' to 'float'
D:\Projects\ConsoleWalkingInFirstPerson\ConsoleWalkingInFirstPerson\src\main.cpp(165,17): warning C4244: 'initializing': conversion from 'float' to 'int', possible loss of data
