  main.cpp
D:\Projects\ConsoleWalkingInFirstPerson\ConsoleWalkingInFirstPerson\src\main.cpp(59,56): warning C4838: conversion from 'int' to 'float' requires a narrowing conversion
D:\Projects\ConsoleWalkingInFirstPerson\ConsoleWalkingInFirstPerson\src\main.cpp(59,56): warning C4244: 'initializing': conversion from 'int' to 'float', possible loss of data
D:\Projects\ConsoleWalkingInFirstPerson\ConsoleWalkingInFirstPerson\src\main.cpp(59,90): warning C4838: conversion from 'int' to 'float' requires a narrowing conversion
D:\Projects\ConsoleWalkingInFirstPerson\ConsoleWalkingInFirstPerson\src\main.cpp(59,90): warning C4244: 'initializing': conversion from 'int' to 'float', possible loss of data
D:\Projects\ConsoleWalkingInFirstPerson\ConsoleWalkingInFirstPerson\src\main.cpp(60,38): warning C4244: 'argument': conversion from 'float' to 'const unsigned int', possible loss of data
D:\Projects\ConsoleWalkingInFirstPerson\ConsoleWalkingInFirstPerson\src\main.cpp(99,74): warning C4838: conversion from 'int' to 'float' requires a narrowing conversion
D:\Projects\ConsoleWalkingInFirstPerson\ConsoleWalkingInFirstPerson\src\main.cpp(99,74): warning C4244: 'initializing': conversion from 'int' to 'float', possible loss of data
D:\Projects\ConsoleWalkingInFirstPerson\ConsoleWalkingInFirstPerson\src\main.cpp(99,115): warning C4838: conversion from 'int' to 'float' requires a narrowing conversion
D:\Projects\ConsoleWalkingInFirstPerson\ConsoleWalkingInFirstPerson\src\main.cpp(99,115): warning C4244: 'initializing': conversion from 'int' to 'float', possible loss of data
D:\Projects\ConsoleWalkingInFirstPerson\ConsoleWalkingInFirstPerson\src\main.cpp(100,49): warning C4244: 'argument': conversion from 'float' to 'const unsigned int', possible loss of data
D:\Projects\ConsoleWalkingInFirstPerson\ConsoleWalkingInFirstPerson\src\main.cpp(146,11): warning C4018: '<=': signed/unsigned mismatch
D:\Projects\ConsoleWalkingInFirstPerson\ConsoleWalkingInFirstPerson\src\main.cpp(148,16): warning C4018: '>': signed/unsigned mismatch
D:\Projects\ConsoleWalkingInFirstPerson\ConsoleWalkingInFirstPerson\src\main.cpp(148,35): warning C4018: '<=': signed/unsigned mismatch
  Generating code
  2 of 99 functions ( 2.0%) were compiled, the rest were copied from previous compilation.
    0 functions were new in current compilation
    0 functions had inline decision re-evaluated but remain unchanged
  Finished generating code
  ConsoleWalkingInFirstPerson.vcxproj -> D:\Projects\ConsoleWalkingInFirstPerson\bin\Win32\Release\ConsoleWalkingInFirstPerson.exe
